This is pdfTeX, Version 3.14159265-2.6-1.40.16 (TeX Live 2015) (preloaded format=pdflatex 2016.5.20)  7 FEB 2020 12:32
entering extended mode
 restricted \write18 enabled.
 %&-line parsing enabled.
**smc_paper_figures.tex
(./smc_paper_figures.tex
LaTeX2e <2016/03/31>
Babel <3.9q> and hyphenation patterns for 81 language(s) loaded.
(/apps/texlive/2015/texmf-dist/tex/latex/base/article.cls
Document Class: article 2014/09/29 v1.4h Standard LaTeX document class
(/apps/texlive/2015/texmf-dist/tex/latex/base/size12.clo
File: size12.clo 2014/09/29 v1.4h Standard LaTeX file (size option)
)
\c@part=\count79
\c@section=\count80
\c@subsection=\count81
\c@subsubsection=\count82
\c@paragraph=\count83
\c@subparagraph=\count84
\c@figure=\count85
\c@table=\count86
\abovecaptionskip=\skip41
\belowcaptionskip=\skip42
\bibindent=\dimen102
)
(/apps/texlive/2015/texmf-dist/tex/latex/amsfonts/amssymb.sty
Package: amssymb 2013/01/14 v3.01 AMS font symbols

(/apps/texlive/2015/texmf-dist/tex/latex/amsfonts/amsfonts.sty
Package: amsfonts 2013/01/14 v3.01 Basic AMSFonts support
\@emptytoks=\toks14
\symAMSa=\mathgroup4
\symAMSb=\mathgroup5
LaTeX Font Info:    Overwriting math alphabet `\mathfrak' in version `bold'
(Font)                  U/euf/m/n --> U/euf/b/n on input line 106.
))
(/apps/texlive/2015/texmf-dist/tex/latex/graphics/graphicx.sty
Package: graphicx 2014/10/28 v1.0g Enhanced LaTeX Graphics (DPC,SPQR)

(/apps/texlive/2015/texmf-dist/tex/latex/graphics/keyval.sty
Package: keyval 2014/10/28 v1.15 key=value parser (DPC)
\KV@toks@=\toks15
)
(/apps/texlive/2015/texmf-dist/tex/latex/graphics/graphics.sty
Package: graphics 2016/01/03 v1.0q Standard LaTeX Graphics (DPC,SPQR)

(/apps/texlive/2015/texmf-dist/tex/latex/graphics/trig.sty
Package: trig 2016/01/03 v1.10 sin cos tan (DPC)
)
(/apps/texlive/2015/texmf-dist/tex/latex/latexconfig/graphics.cfg
File: graphics.cfg 2010/04/23 v1.9 graphics configuration of TeX Live
)
Package graphics Info: Driver file: pdftex.def on input line 95.

(/apps/texlive/2015/texmf-dist/tex/latex/pdftex-def/pdftex.def
File: pdftex.def 2011/05/27 v0.06d Graphics/color for pdfTeX

(/apps/texlive/2015/texmf-dist/tex/generic/oberdiek/infwarerr.sty
Package: infwarerr 2010/04/08 v1.3 Providing info/warning/error messages (HO)
)
(/apps/texlive/2015/texmf-dist/tex/generic/oberdiek/ltxcmds.sty
Package: ltxcmds 2011/11/09 v1.22 LaTeX kernel commands for general use (HO)
)
\Gread@gobject=\count87
))
\Gin@req@height=\dimen103
\Gin@req@width=\dimen104
)
(/apps/texlive/2015/texmf-dist/tex/latex/amsmath/amsmath.sty
Package: amsmath 2016/03/10 v2.15b AMS math features
\@mathmargin=\skip43

For additional information on amsmath, use the `?' option.
(/apps/texlive/2015/texmf-dist/tex/latex/amsmath/amstext.sty
Package: amstext 2000/06/29 v2.01 AMS text

(/apps/texlive/2015/texmf-dist/tex/latex/amsmath/amsgen.sty
File: amsgen.sty 1999/11/30 v2.0 generic functions
\@emptytoks=\toks16
\ex@=\dimen105
))
(/apps/texlive/2015/texmf-dist/tex/latex/amsmath/amsbsy.sty
Package: amsbsy 1999/11/29 v1.2d Bold Symbols
\pmbraise@=\dimen106
)
(/apps/texlive/2015/texmf-dist/tex/latex/amsmath/amsopn.sty
Package: amsopn 2016/03/08 v2.02 operator names
)
\inf@bad=\count88
LaTeX Info: Redefining \frac on input line 199.
\uproot@=\count89
\leftroot@=\count90
LaTeX Info: Redefining \overline on input line 297.
\classnum@=\count91
\DOTSCASE@=\count92
LaTeX Info: Redefining \ldots on input line 394.
LaTeX Info: Redefining \dots on input line 397.
LaTeX Info: Redefining \cdots on input line 518.
\Mathstrutbox@=\box26
\strutbox@=\box27
\big@size=\dimen107
LaTeX Font Info:    Redeclaring font encoding OML on input line 634.
LaTeX Font Info:    Redeclaring font encoding OMS on input line 635.
\macc@depth=\count93
\c@MaxMatrixCols=\count94
\dotsspace@=\muskip10
\c@parentequation=\count95
\dspbrk@lvl=\count96
\tag@help=\toks17
\row@=\count97
\column@=\count98
\maxfields@=\count99
\andhelp@=\toks18
\eqnshift@=\dimen108
\alignsep@=\dimen109
\tagshift@=\dimen110
\tagwidth@=\dimen111
\totwidth@=\dimen112
\lineht@=\dimen113
\@envbody=\toks19
\multlinegap=\skip44
\multlinetaggap=\skip45
\mathdisplay@stack=\toks20
LaTeX Info: Redefining \[ on input line 2739.
LaTeX Info: Redefining \] on input line 2740.
)
(/apps/texlive/2015/texmf-dist/tex/latex/amscls/amsthm.sty
Package: amsthm 2015/03/04 v2.20.2
\thm@style=\toks21
\thm@bodyfont=\toks22
\thm@headfont=\toks23
\thm@notefont=\toks24
\thm@headpunct=\toks25
\thm@preskip=\skip46
\thm@postskip=\skip47
\thm@headsep=\skip48
\dth@everypar=\toks26
)
(/apps/texlive/2015/texmf-dist/tex/latex/rotating/rotating.sty
Package: rotating 2009/03/28 v2.16a rotated objects in LaTeX

(/apps/texlive/2015/texmf-dist/tex/latex/base/ifthen.sty
Package: ifthen 2014/09/29 v1.1c Standard LaTeX ifthen package (DPC)
)
\c@r@tfl@t=\count100
\rotFPtop=\skip49
\rotFPbot=\skip50
\rot@float@box=\box28
\rot@mess@toks=\toks27
)
(/apps/texlive/2015/texmf-dist/tex/latex/float/float.sty
Package: float 2001/11/08 v1.3d Float enhancements (AL)
\c@float@type=\count101
\float@exts=\toks28
\float@box=\box29
\@float@everytoks=\toks29
\@floatcapt=\box30
)
(/apps/texlive/2015/texmf-dist/tex/latex/changepage/changepage.sty
Package: changepage 2009/10/20 v1.0c check page and change page layout
\c@cp@cntr=\count102
\cp@tempcnt=\count103
)
(/apps/texlive/2015/texmf-dist/tex/latex/pgf/utilities/pgffor.sty
(/apps/texlive/2015/texmf-dist/tex/latex/pgf/utilities/pgfrcs.sty
(/apps/texlive/2015/texmf-dist/tex/generic/pgf/utilities/pgfutil-common.tex
\pgfutil@everybye=\toks30
\pgfutil@tempdima=\dimen114
\pgfutil@tempdimb=\dimen115

(/apps/texlive/2015/texmf-dist/tex/generic/pgf/utilities/pgfutil-common-lists.t
ex)) (/apps/texlive/2015/texmf-dist/tex/generic/pgf/utilities/pgfutil-latex.def
\pgfutil@abb=\box31
(/apps/texlive/2015/texmf-dist/tex/latex/ms/everyshi.sty
Package: everyshi 2001/05/15 v3.00 EveryShipout Package (MS)
))
(/apps/texlive/2015/texmf-dist/tex/generic/pgf/utilities/pgfrcs.code.tex
Package: pgfrcs 2015/08/07 v3.0.1a (rcs-revision 1.31)
))
(/apps/texlive/2015/texmf-dist/tex/latex/pgf/utilities/pgfkeys.sty
(/apps/texlive/2015/texmf-dist/tex/generic/pgf/utilities/pgfkeys.code.tex
\pgfkeys@pathtoks=\toks31
\pgfkeys@temptoks=\toks32

(/apps/texlive/2015/texmf-dist/tex/generic/pgf/utilities/pgfkeysfiltered.code.t
ex
\pgfkeys@tmptoks=\toks33
))) (/apps/texlive/2015/texmf-dist/tex/latex/pgf/math/pgfmath.sty
(/apps/texlive/2015/texmf-dist/tex/generic/pgf/math/pgfmath.code.tex
(/apps/texlive/2015/texmf-dist/tex/generic/pgf/math/pgfmathcalc.code.tex
(/apps/texlive/2015/texmf-dist/tex/generic/pgf/math/pgfmathutil.code.tex
\pgf@x=\dimen116
\pgf@xa=\dimen117
\pgf@xb=\dimen118
\pgf@xc=\dimen119
\pgf@y=\dimen120
\pgf@ya=\dimen121
\pgf@yb=\dimen122
\pgf@yc=\dimen123
\c@pgf@counta=\count104
\c@pgf@countb=\count105
\c@pgf@countc=\count106
\c@pgf@countd=\count107
)
(/apps/texlive/2015/texmf-dist/tex/generic/pgf/math/pgfmathparser.code.tex
\pgfmath@dimen=\dimen124
\pgfmath@count=\count108
\pgfmath@box=\box32
\pgfmath@toks=\toks34
\pgfmath@stack@operand=\toks35
\pgfmath@stack@operation=\toks36
)
(/apps/texlive/2015/texmf-dist/tex/generic/pgf/math/pgfmathfunctions.code.tex
(/apps/texlive/2015/texmf-dist/tex/generic/pgf/math/pgfmathfunctions.basic.code
.tex)
(/apps/texlive/2015/texmf-dist/tex/generic/pgf/math/pgfmathfunctions.trigonomet
ric.code.tex)
(/apps/texlive/2015/texmf-dist/tex/generic/pgf/math/pgfmathfunctions.random.cod
e.tex)
(/apps/texlive/2015/texmf-dist/tex/generic/pgf/math/pgfmathfunctions.comparison
.code.tex)
(/apps/texlive/2015/texmf-dist/tex/generic/pgf/math/pgfmathfunctions.base.code.
tex)
(/apps/texlive/2015/texmf-dist/tex/generic/pgf/math/pgfmathfunctions.round.code
.tex)
(/apps/texlive/2015/texmf-dist/tex/generic/pgf/math/pgfmathfunctions.misc.code.
tex)
(/apps/texlive/2015/texmf-dist/tex/generic/pgf/math/pgfmathfunctions.integerari
thmetics.code.tex)))
(/apps/texlive/2015/texmf-dist/tex/generic/pgf/math/pgfmathfloat.code.tex
\c@pgfmathroundto@lastzeros=\count109
)))
(/apps/texlive/2015/texmf-dist/tex/generic/pgf/utilities/pgffor.code.tex
Package: pgffor 2013/12/13 v3.0.1a (rcs-revision 1.25)

(/apps/texlive/2015/texmf-dist/tex/generic/pgf/math/pgfmath.code.tex)
\pgffor@iter=\dimen125
\pgffor@skip=\dimen126
\pgffor@stack=\toks37
\pgffor@toks=\toks38
))
(/apps/texlive/2015/texmf-dist/tex/latex/caption/subcaption.sty
Package: subcaption 2016/02/20 v1.1-142 Sub-captions (AR)

(/apps/texlive/2015/texmf-dist/tex/latex/caption/caption.sty
Package: caption 2016/02/21 v3.3-144 Customizing captions (AR)

(/apps/texlive/2015/texmf-dist/tex/latex/caption/caption3.sty
Package: caption3 2016/02/04 v1.7-139 caption3 kernel (AR)
Package caption3 Info: TeX engine: e-TeX on input line 67.
\captionmargin=\dimen127
\captionmargin@=\dimen128
\captionwidth=\dimen129
\caption@tempdima=\dimen130
\caption@indent=\dimen131
\caption@parindent=\dimen132
\caption@hangindent=\dimen133
)
\c@ContinuedFloat=\count110
Package caption Info: float package is loaded.
Package caption Info: rotating package is loaded.
)
\c@subfigure=\count111
\c@subtable=\count112
)
(/apps/texlive/2015/texmf-dist/tex/latex/standalone/standalone.sty
Package: standalone 2015/07/15 v1.2 Package to include TeX sub-files with pream
bles

(/apps/texlive/2015/texmf-dist/tex/generic/oberdiek/ifluatex.sty
Package: ifluatex 2010/03/01 v1.3 Provides the ifluatex switch (HO)
Package ifluatex Info: LuaTeX not detected.
)
(/apps/texlive/2015/texmf-dist/tex/generic/oberdiek/ifpdf.sty
Package: ifpdf 2011/01/30 v2.3 Provides the ifpdf switch (HO)
Package ifpdf Info: pdfTeX in PDF mode is detected.
)
(/apps/texlive/2015/texmf-dist/tex/generic/ifxetex/ifxetex.sty
Package: ifxetex 2010/09/12 v0.6 Provides ifxetex conditional
)
(/apps/texlive/2015/texmf-dist/tex/latex/xkeyval/xkeyval.sty
Package: xkeyval 2014/12/03 v2.7a package option processing (HA)

(/apps/texlive/2015/texmf-dist/tex/generic/xkeyval/xkeyval.tex
(/apps/texlive/2015/texmf-dist/tex/generic/xkeyval/xkvutils.tex
\XKV@toks=\toks39
\XKV@tempa@toks=\toks40
)
\XKV@depth=\count113
File: xkeyval.tex 2014/12/03 v2.7a key=value parser (HA)
))
(/apps/texlive/2015/texmf-dist/tex/latex/currfile/currfile.sty
Package: currfile 2013/02/01 v0.7b Provides the file path elements of the curre
nt input file

(/apps/texlive/2015/texmf-dist/tex/latex/oberdiek/kvoptions.sty
Package: kvoptions 2011/06/30 v3.11 Key value format for package options (HO)

(/apps/texlive/2015/texmf-dist/tex/generic/oberdiek/kvsetkeys.sty
Package: kvsetkeys 2012/04/25 v1.16 Key value parser (HO)

(/apps/texlive/2015/texmf-dist/tex/generic/oberdiek/etexcmds.sty
Package: etexcmds 2011/02/16 v1.5 Avoid name clashes with e-TeX commands (HO)
Package etexcmds Info: Could not find \expanded.
(etexcmds)             That can mean that you are not using pdfTeX 1.50 or
(etexcmds)             that some package has redefined \expanded.
(etexcmds)             In the latter case, load this package earlier.
)))
(/apps/texlive/2015/texmf-dist/tex/latex/filehook/filehook.sty
Package: filehook 2011/10/12 v0.5d Hooks for input files
)
\c@currfiledepth=\count114
)
(/apps/texlive/2015/texmf-dist/tex/latex/gincltex/gincltex.sty
(/apps/texlive/2015/texmf-dist/tex/latex/svn-prov/svn-prov.sty
Package: svn-prov 2010/04/24 v3.1862 Package Date/Version from SVN Keywords
)
Package: gincltex 2011/09/04 v0.3 Include external LaTeX files like graphics

(/apps/texlive/2015/texmf-dist/tex/latex/adjustbox/adjustbox.sty
Package: adjustbox 2012/05/21 v1.0 Adjusting TeX boxes (trim, clip, ...)

(/apps/texlive/2015/texmf-dist/tex/latex/adjustbox/adjcalc.sty
Package: adjcalc 2012/05/16 v1.1 Provides advanced setlength with multiple back
-ends (calc, etex, pgfmath)
)
(/apps/texlive/2015/texmf-dist/tex/latex/adjustbox/trimclip.sty
Package: trimclip 2012/05/16 v1.0 Trim and clip general TeX material

(/apps/texlive/2015/texmf-dist/tex/latex/collectbox/collectbox.sty
Package: collectbox 2012/05/17 v0.4b Collect macro arguments as boxes
\collectedbox=\box33
)
\tc@llx=\dimen134
\tc@lly=\dimen135
\tc@urx=\dimen136
\tc@ury=\dimen137
Package trimclip Info: Using driver 'tc-pdftex.def'.

(/apps/texlive/2015/texmf-dist/tex/latex/adjustbox/tc-pdftex.def
File: tc-pdftex.def 2012/05/13 v1.0 Clipping driver for pdftex
))
\adjbox@Width=\dimen138
\adjbox@Height=\dimen139
\adjbox@Depth=\dimen140
\adjbox@Totalheight=\dimen141

(/apps/texlive/2015/texmf-dist/tex/latex/ifoddpage/ifoddpage.sty
Package: ifoddpage 2011/09/13 v1.0 Conditionals for odd/even page detection
\c@checkoddpage=\count115
LaTeX Info: Redefining \checkoddpage on input line 25.
)
(/apps/texlive/2015/texmf-dist/tex/latex/varwidth/varwidth.sty
Package: varwidth 2009/03/30 ver 0.92;  Variable-width minipages
\@vwid@box=\box34
\sift@deathcycles=\count116
\@vwid@loff=\dimen142
\@vwid@roff=\dimen143
))
\gincltex@box=\box35
)
(/apps/texlive/2015/texmf-dist/tex/latex/filemod/filemod-expmin.sty
Package: filemod-expmin 2011/09/19 v1.2 Get and compare file modification times
 (expandable; minimal)
))
(/apps/texlive/2015/texmf-dist/tex/latex/algorithms/algorithm.sty
Package: algorithm 2009/08/24 v0.1 Document Style `algorithm' - floating enviro
nment
\@float@every@algorithm=\toks41
\c@algorithm=\count117
)
(/apps/texlive/2015/texmf-dist/tex/latex/algorithmicx/algpseudocode.sty
Package: algpseudocode 

(/apps/texlive/2015/texmf-dist/tex/latex/algorithmicx/algorithmicx.sty
Package: algorithmicx 2005/04/27 v1.2 Algorithmicx

Document Style algorithmicx 1.2 - a greatly improved `algorithmic' style
\c@ALG@line=\count118
\c@ALG@rem=\count119
\c@ALG@nested=\count120
\ALG@tlm=\skip51
\ALG@thistlm=\skip52
\c@ALG@Lnr=\count121
\c@ALG@blocknr=\count122
\c@ALG@storecount=\count123
\c@ALG@tmpcounter=\count124
\ALG@tmplength=\skip53
)
Document Style - pseudocode environments for use with the `algorithmicx' style
) (/apps/texlive/2015/texmf-dist/tex/latex/xcolor/xcolor.sty
Package: xcolor 2007/01/21 v2.11 LaTeX color extensions (UK)

(/apps/texlive/2015/texmf-dist/tex/latex/latexconfig/color.cfg
File: color.cfg 2007/01/18 v1.5 color configuration of teTeX/TeXLive
)
Package xcolor Info: Driver file: pdftex.def on input line 225.
Package xcolor Info: Model `cmy' substituted by `cmy0' on input line 1337.
Package xcolor Info: Model `hsb' substituted by `rgb' on input line 1341.
Package xcolor Info: Model `RGB' extended on input line 1353.
Package xcolor Info: Model `HTML' substituted by `rgb' on input line 1355.
Package xcolor Info: Model `Hsb' substituted by `hsb' on input line 1356.
Package xcolor Info: Model `tHsb' substituted by `hsb' on input line 1357.
Package xcolor Info: Model `HSB' substituted by `hsb' on input line 1358.
Package xcolor Info: Model `Gray' substituted by `gray' on input line 1359.
Package xcolor Info: Model `wave' substituted by `hsb' on input line 1360.
)
(/apps/texlive/2015/texmf-dist/tex/latex/hyperref/hyperref.sty
Package: hyperref 2012/11/06 v6.83m Hypertext links for LaTeX

(/apps/texlive/2015/texmf-dist/tex/generic/oberdiek/hobsub-hyperref.sty
Package: hobsub-hyperref 2012/05/28 v1.13 Bundle oberdiek, subset hyperref (HO)


(/apps/texlive/2015/texmf-dist/tex/generic/oberdiek/hobsub-generic.sty
Package: hobsub-generic 2012/05/28 v1.13 Bundle oberdiek, subset generic (HO)
Package: hobsub 2012/05/28 v1.13 Construct package bundles (HO)
Package hobsub Info: Skipping package `infwarerr' (already loaded).
Package hobsub Info: Skipping package `ltxcmds' (already loaded).
Package hobsub Info: Skipping package `ifluatex' (already loaded).
Package: ifvtex 2010/03/01 v1.5 Detect VTeX and its facilities (HO)
Package ifvtex Info: VTeX not detected.
Package: intcalc 2007/09/27 v1.1 Expandable calculations with integers (HO)
Package hobsub Info: Skipping package `ifpdf' (already loaded).
Package hobsub Info: Skipping package `etexcmds' (already loaded).
Package hobsub Info: Skipping package `kvsetkeys' (already loaded).
Package: kvdefinekeys 2011/04/07 v1.3 Define keys (HO)
Package: pdftexcmds 2011/11/29 v0.20 Utility functions of pdfTeX for LuaTeX (HO
)
Package pdftexcmds Info: LuaTeX not detected.
Package pdftexcmds Info: \pdf@primitive is available.
Package pdftexcmds Info: \pdf@ifprimitive is available.
Package pdftexcmds Info: \pdfdraftmode found.
Package: pdfescape 2011/11/25 v1.13 Implements pdfTeX's escape features (HO)
Package: bigintcalc 2012/04/08 v1.3 Expandable calculations on big integers (HO
)
Package: bitset 2011/01/30 v1.1 Handle bit-vector datatype (HO)
Package: uniquecounter 2011/01/30 v1.2 Provide unlimited unique counter (HO)
)
Package hobsub Info: Skipping package `hobsub' (already loaded).
Package: letltxmacro 2010/09/02 v1.4 Let assignment for LaTeX macros (HO)
Package: hopatch 2012/05/28 v1.2 Wrapper for package hooks (HO)
Package: xcolor-patch 2011/01/30 xcolor patch
Package: atveryend 2011/06/30 v1.8 Hooks at the very end of document (HO)
Package atveryend Info: \enddocument detected (standard20110627).
Package: atbegshi 2011/10/05 v1.16 At begin shipout hook (HO)
Package: refcount 2011/10/16 v3.4 Data extraction from label references (HO)
Package: hycolor 2011/01/30 v1.7 Color options for hyperref/bookmark (HO)
)
(/apps/texlive/2015/texmf-dist/tex/latex/oberdiek/auxhook.sty
Package: auxhook 2011/03/04 v1.3 Hooks for auxiliary files (HO)
)
\@linkdim=\dimen144
\Hy@linkcounter=\count125
\Hy@pagecounter=\count126

(/apps/texlive/2015/texmf-dist/tex/latex/hyperref/pd1enc.def
File: pd1enc.def 2012/11/06 v6.83m Hyperref: PDFDocEncoding definition (HO)
)
\Hy@SavedSpaceFactor=\count127

(/apps/texlive/2015/texmf-dist/tex/latex/latexconfig/hyperref.cfg
File: hyperref.cfg 2002/06/06 v1.2 hyperref configuration of TeXLive
)
Package hyperref Info: Option `bookmarksopen' set `true' on input line 4319.
Package hyperref Info: Option `colorlinks' set `true' on input line 4319.
Package hyperref Info: Option `naturalnames' set `true' on input line 4319.
Package hyperref Info: Hyper figures OFF on input line 4443.
Package hyperref Info: Link nesting OFF on input line 4448.
Package hyperref Info: Hyper index ON on input line 4451.
Package hyperref Info: Plain pages OFF on input line 4458.
Package hyperref Info: Backreferencing OFF on input line 4463.
Package hyperref Info: Implicit mode ON; LaTeX internals redefined.
Package hyperref Info: Bookmarks ON on input line 4688.
\c@Hy@tempcnt=\count128

(/apps/texlive/2015/texmf-dist/tex/latex/url/url.sty
\Urlmuskip=\muskip11
Package: url 2013/09/16  ver 3.4  Verb mode for urls, etc.
)
LaTeX Info: Redefining \url on input line 5041.
\XeTeXLinkMargin=\dimen145
\Fld@menulength=\count129
\Field@Width=\dimen146
\Fld@charsize=\dimen147
Package hyperref Info: Hyper figures OFF on input line 6295.
Package hyperref Info: Link nesting OFF on input line 6300.
Package hyperref Info: Hyper index ON on input line 6303.
Package hyperref Info: backreferencing OFF on input line 6310.
Package hyperref Info: Link coloring ON on input line 6313.
Package hyperref Info: Link coloring with OCG OFF on input line 6320.
Package hyperref Info: PDF/A mode OFF on input line 6325.
LaTeX Info: Redefining \ref on input line 6365.
LaTeX Info: Redefining \pageref on input line 6369.
\Hy@abspage=\count130
\c@Item=\count131
\c@Hfootnote=\count132
)

Package hyperref Message: Driver: hpdftex.

(/apps/texlive/2015/texmf-dist/tex/latex/hyperref/hpdftex.def
File: hpdftex.def 2012/11/06 v6.83m Hyperref driver for pdfTeX
\Fld@listcount=\count133
\c@bookmark@seq@number=\count134

(/apps/texlive/2015/texmf-dist/tex/latex/oberdiek/rerunfilecheck.sty
Package: rerunfilecheck 2011/04/15 v1.7 Rerun checks for auxiliary files (HO)
Package uniquecounter Info: New unique counter `rerunfilecheck' on input line 2
82.
)
\Hy@SectionHShift=\skip54
)
(/apps/texlive/2015/texmf-dist/tex/latex/graphics/epsfig.sty
Package: epsfig 1999/02/16 v1.7a (e)psfig emulation (SPQR)
\epsfxsize=\dimen148
\epsfysize=\dimen149
)
(/apps/texlive/2015/texmf-dist/tex/latex/natbib/natbib.sty
Package: natbib 2010/09/13 8.31b (PWD, AO)
\bibhang=\skip55
\bibsep=\skip56
LaTeX Info: Redefining \cite on input line 694.
\c@NAT@ctr=\count135
)
(/apps/texlive/2015/texmf-dist/tex/latex/fancyhdr/fancyhdr.sty
\fancy@headwidth=\skip57
\f@ncyO@elh=\skip58
\f@ncyO@erh=\skip59
\f@ncyO@olh=\skip60
\f@ncyO@orh=\skip61
\f@ncyO@elf=\skip62
\f@ncyO@erf=\skip63
\f@ncyO@olf=\skip64
\f@ncyO@orf=\skip65
)
(/apps/texlive/2015/texmf-dist/tex/latex/titlesec/titlesec.sty
Package: titlesec 2016/03/21 v2.10.2 Sectioning titles
\ttl@box=\box36
\beforetitleunit=\skip66
\aftertitleunit=\skip67
\ttl@plus=\dimen150
\ttl@minus=\dimen151
\ttl@toksa=\toks42
\titlewidth=\dimen152
\titlewidthlast=\dimen153
\titlewidthfirst=\dimen154
)
\c@subsubsubsection=\count136
\c@theorem=\count137
\c@definition=\count138
\c@lemma=\count139
\c@corollary=\count140
\c@proposition=\count141
\c@assumption=\count142
\c@algo=\count143
\c@pkt=\count144

(/apps/texlive/2015/texmf-dist/tex/latex/booktabs/booktabs.sty
Package: booktabs 2005/04/14 v1.61803 publication quality tables
\heavyrulewidth=\dimen155
\lightrulewidth=\dimen156
\cmidrulewidth=\dimen157
\belowrulesep=\dimen158
\belowbottomsep=\dimen159
\aboverulesep=\dimen160
\abovetopsep=\dimen161
\cmidrulesep=\dimen162
\cmidrulekern=\dimen163
\defaultaddspace=\dimen164
\@cmidla=\count145
\@cmidlb=\count146
\@aboverulesep=\dimen165
\@belowrulesep=\dimen166
\@thisruleclass=\count147
\@lastruleclass=\count148
\@thisrulewidth=\dimen167
)
(/apps/texlive/2015/texmf-dist/tex/latex/geometry/geometry.sty
Package: geometry 2010/09/12 v5.6 Page Geometry
\Gm@cnth=\count149
\Gm@cntv=\count150
\c@Gm@tempcnt=\count151
\Gm@bindingoffset=\dimen168
\Gm@wd@mp=\dimen169
\Gm@odd@mp=\dimen170
\Gm@even@mp=\dimen171
\Gm@layoutwidth=\dimen172
\Gm@layoutheight=\dimen173
\Gm@layouthoffset=\dimen174
\Gm@layoutvoffset=\dimen175
\Gm@dimlist=\toks43
)
(/apps/texlive/2015/texmf-dist/tex/latex/tools/longtable.sty
Package: longtable 2014/10/28 v4.11 Multi-page Table package (DPC)
\LTleft=\skip68
\LTright=\skip69
\LTpre=\skip70
\LTpost=\skip71
\LTchunksize=\count152
\LTcapwidth=\dimen176
\LT@head=\box37
\LT@firsthead=\box38
\LT@foot=\box39
\LT@lastfoot=\box40
\LT@cols=\count153
\LT@rows=\count154
\c@LT@tables=\count155
\c@LT@chunks=\count156
\LT@p@ftn=\toks44
)
(/apps/texlive/2015/texmf-dist/tex/latex/cellspace/cellspace.sty
Package: cellspace 2009/07/31 v1.6 Spacing table cells (JN)

(/apps/texlive/2015/texmf-dist/tex/latex/tools/array.sty
Package: array 2014/10/28 v2.4c Tabular extension package (FMi)
\col@sep=\dimen177
\extrarowheight=\dimen178
\NC@list=\toks45
\extratabsurround=\skip72
\backup@length=\skip73
)
(/apps/texlive/2015/texmf-dist/tex/latex/tools/calc.sty
Package: calc 2014/10/28 v4.3 Infix arithmetic (KKT,FJ)
\calc@Acount=\count157
\calc@Bcount=\count158
\calc@Adimen=\dimen179
\calc@Bdimen=\dimen180
\calc@Askip=\skip74
\calc@Bskip=\skip75
LaTeX Info: Redefining \setlength on input line 80.
LaTeX Info: Redefining \addtolength on input line 81.
\calc@Ccount=\count159
\calc@Cskip=\skip76
)
\cellspacetoplimit=\dimen181
\cellspacebottomlimit=\dimen182
\cellspace@firstht=\dimen183
\cellspace@lastdp=\dimen184
)
\c@saveeqn=\count160

(./smc_paper_figures.aux)
\openout1 = `smc_paper_figures.aux'.

LaTeX Font Info:    Checking defaults for OML/cmm/m/it on input line 145.
LaTeX Font Info:    ... okay on input line 145.
LaTeX Font Info:    Checking defaults for T1/cmr/m/n on input line 145.
LaTeX Font Info:    ... okay on input line 145.
LaTeX Font Info:    Checking defaults for OT1/cmr/m/n on input line 145.
LaTeX Font Info:    ... okay on input line 145.
LaTeX Font Info:    Checking defaults for OMS/cmsy/m/n on input line 145.
LaTeX Font Info:    ... okay on input line 145.
LaTeX Font Info:    Checking defaults for OMX/cmex/m/n on input line 145.
LaTeX Font Info:    ... okay on input line 145.
LaTeX Font Info:    Checking defaults for U/cmr/m/n on input line 145.
LaTeX Font Info:    ... okay on input line 145.
LaTeX Font Info:    Checking defaults for PD1/pdf/m/n on input line 145.
LaTeX Font Info:    ... okay on input line 145.

(/apps/texlive/2015/texmf-dist/tex/context/base/supp-pdf.mkii
[Loading MPS to PDF converter (version 2006.09.02).]
\scratchcounter=\count161
\scratchdimen=\dimen185
\scratchbox=\box41
\nofMPsegments=\count162
\nofMParguments=\count163
\everyMPshowfont=\toks46
\MPscratchCnt=\count164
\MPscratchDim=\dimen186
\MPnumerator=\count165
\makeMPintoPDFobject=\count166
\everyMPtoPDFconversion=\toks47
) (/apps/texlive/2015/texmf-dist/tex/latex/oberdiek/epstopdf-base.sty
Package: epstopdf-base 2010/02/09 v2.5 Base part for package epstopdf

(/apps/texlive/2015/texmf-dist/tex/latex/oberdiek/grfext.sty
Package: grfext 2010/08/19 v1.1 Manage graphics extensions (HO)
)
Package grfext Info: Graphics extension search list:
(grfext)             [.png,.pdf,.jpg,.mps,.jpeg,.jbig2,.jb2,.PNG,.PDF,.JPG,.JPE
G,.JBIG2,.JB2,.eps]
(grfext)             \AppendGraphicsExtensions on input line 452.

(/apps/texlive/2015/texmf-dist/tex/latex/latexconfig/epstopdf-sys.cfg
File: epstopdf-sys.cfg 2010/07/13 v1.3 Configuration of (r)epstopdf for TeX Liv
e
))
ABD: EveryShipout initializing macros
Package caption Info: Begin \AtBeginDocument code.
Package caption Info: hyperref package is loaded.
Package caption Info: longtable package is loaded.

(/apps/texlive/2015/texmf-dist/tex/latex/caption/ltcaption.sty
Package: ltcaption 2013/06/09 v1.4-94 longtable captions (AR)
)
Package caption Info: End \AtBeginDocument code.
\AtBeginShipoutBox=\box42
Package hyperref Info: Link coloring ON on input line 145.

(/apps/texlive/2015/texmf-dist/tex/latex/hyperref/nameref.sty
Package: nameref 2012/10/27 v2.43 Cross-referencing by name of section

(/apps/texlive/2015/texmf-dist/tex/generic/oberdiek/gettitlestring.sty
Package: gettitlestring 2010/12/03 v1.4 Cleanup title references (HO)
)
\c@section@level=\count167
)
LaTeX Info: Redefining \ref on input line 145.
LaTeX Info: Redefining \pageref on input line 145.
LaTeX Info: Redefining \nameref on input line 145.

(./smc_paper_figures.out) (./smc_paper_figures.out)
\@outlinefile=\write3
\openout3 = `smc_paper_figures.out'.


*geometry* driver: auto-detecting
*geometry* detected driver: pdftex
*geometry* verbose mode - [ preamble ] result:
* driver: pdftex
* paper: <default>
* layout: <same size as paper>
* layoutoffset:(h,v)=(0.0pt,0.0pt)
* modes: 
* h-part:(L,W,R)=(72.26999pt, 469.75502pt, 72.26999pt)
* v-part:(T,H,B)=(72.26999pt, 650.43001pt, 72.26999pt)
* \paperwidth=614.295pt
* \paperheight=794.96999pt
* \textwidth=469.75502pt
* \textheight=650.43001pt
* \oddsidemargin=0.0pt
* \evensidemargin=0.0pt
* \topmargin=-37.0pt
* \headheight=12.0pt
* \headsep=25.0pt
* \topskip=12.0pt
* \footskip=30.0pt
* \marginparwidth=44.0pt
* \marginparsep=10.0pt
* \columnsep=10.0pt
* \skip\footins=10.8pt plus 4.0pt minus 2.0pt
* \hoffset=0.0pt
* \voffset=0.0pt
* \mag=1000
* \@twocolumnfalse
* \@twosidefalse
* \@mparswitchfalse
* \@reversemarginfalse
* (1in=72.27pt=25.4mm, 1cm=28.453pt)

LaTeX Font Info:    Try loading font information for U+msa on input line 163.
(/apps/texlive/2015/texmf-dist/tex/latex/amsfonts/umsa.fd
File: umsa.fd 2013/01/14 v3.01 AMS symbols A
)
LaTeX Font Info:    Try loading font information for U+msb on input line 163.

(/apps/texlive/2015/texmf-dist/tex/latex/amsfonts/umsb.fd
File: umsb.fd 2013/01/14 v3.01 AMS symbols B
)
LaTeX Font Info:    Try loading font information for OMS+cmr on input line 163.


(/apps/texlive/2015/texmf-dist/tex/latex/base/omscmr.fd
File: omscmr.fd 2014/09/29 v2.5h Standard LaTeX font definitions
)
LaTeX Font Info:    Font shape `OMS/cmr/m/n' in size <10> not available
(Font)              Font shape `OMS/cmsy/m/n' tried instead on input line 163.
LaTeX Font Info:    Font shape `OMS/cmr/m/n' in size <7> not available
(Font)              Font shape `OMS/cmsy/m/n' tried instead on input line 163.

Underfull \hbox (badness 10000) in paragraph at lines 163--163
[][]\OT1/cmr/m/n/10 Correspondence: Michael Cai \OT1/cmtt/m/n/10 michaelcai@u.n
orthwestern.edu\OT1/cmr/m/n/10 , Marco Del Ne-gro
 []


Underfull \hbox (badness 10000) in paragraph at lines 163--163
\OT1/cmtt/m/n/10 marco.delnegro@ny.frb.org\OT1/cmr/m/n/10 , Ed-ward Herbst \OT1
/cmtt/m/n/10 edward.p.herbst@frb.gov\OT1/cmr/m/n/10 , Ethan Matlin
 []


Underfull \hbox (badness 10000) in paragraph at lines 163--163
\OT1/cmtt/m/n/10 ethan.matlin@ny.frb.org\OT1/cmr/m/n/10 , Re-becca Sar-fati \OT
1/cmtt/m/n/10 rebecca.sarfati@ny.frb.org\OT1/cmr/m/n/10 , Frank Schorfheide
 []

(../figures_for_paper/estimation/adaptive/as/table_1_as_mh1.tex)
(../figures_for_paper/estimation/adaptive/sw/table_1_sw_mh1.tex) [1

{/apps/texlive/2015/texmf-var/fonts/map/pdftex/updmap/pdftex.map}]
<../figures_for_paper/estimation/adaptive/as/figure_1_as_mh1_StdVsTime.pdf, id=
36, 602.25pt x 401.5pt>
File: ../figures_for_paper/estimation/adaptive/as/figure_1_as_mh1_StdVsTime.pdf
 Graphic file (type pdf)

<use ../figures_for_paper/estimation/adaptive/as/figure_1_as_mh1_StdVsTime.pdf>
Package pdftex.def Info: ../figures_for_paper/estimation/adaptive/as/figure_1_a
s_mh1_StdVsTime.pdf used on input line 195.
(pdftex.def)             Requested size: 220.78543pt x 147.19261pt.

<../figures_for_paper/estimation/adaptive/sw/figure_1_sw_mh1_StdVsTime.pdf, id=
37, 602.25pt x 401.5pt>
File: ../figures_for_paper/estimation/adaptive/sw/figure_1_sw_mh1_StdVsTime.pdf
 Graphic file (type pdf)

<use ../figures_for_paper/estimation/adaptive/sw/figure_1_sw_mh1_StdVsTime.pdf>
Package pdftex.def Info: ../figures_for_paper/estimation/adaptive/sw/figure_1_s
w_mh1_StdVsTime.pdf used on input line 196.
(pdftex.def)             Requested size: 220.78543pt x 147.19261pt.

<../figures_for_paper/estimation/adaptive/as/figure_2_tempering_scheds_as_mh1.p
df, id=38, 602.25pt x 401.5pt>
File: ../figures_for_paper/estimation/adaptive/as/figure_2_tempering_scheds_as_
mh1.pdf Graphic file (type pdf)

<use ../figures_for_paper/estimation/adaptive/as/figure_2_tempering_scheds_as_m
h1.pdf>
Package pdftex.def Info: ../figures_for_paper/estimation/adaptive/as/figure_2_t
empering_scheds_as_mh1.pdf used on input line 208.
(pdftex.def)             Requested size: 220.78543pt x 147.19261pt.

<../figures_for_paper/estimation/adaptive/sw/figure_2_tempering_scheds_sw_mh1.p
df, id=39, 602.25pt x 401.5pt>
File: ../figures_for_paper/estimation/adaptive/sw/figure_2_tempering_scheds_sw_
mh1.pdf Graphic file (type pdf)

<use ../figures_for_paper/estimation/adaptive/sw/figure_2_tempering_scheds_sw_m
h1.pdf>
Package pdftex.def Info: ../figures_for_paper/estimation/adaptive/sw/figure_2_t
empering_scheds_sw_mh1.pdf used on input line 209.
(pdftex.def)             Requested size: 220.78543pt x 147.19261pt.


LaTeX Warning: Reference `tab:smc.config' on page 2 undefined on input line 213
.

[2 <../figures_for_paper/estimation/adaptive/as/figure_1_as_mh1_StdVsTime.pdf> 
<../figures_for_paper/estimation/adaptive/sw/figure_1_sw_mh1_StdVsTime.pdf>]
<../figures_for_paper/estimation/adaptive/as/figure_1_as_mh135_StdVsTime.pdf, i
d=52, 602.25pt x 401.5pt>
File: ../figures_for_paper/estimation/adaptive/as/figure_1_as_mh135_StdVsTime.p
df Graphic file (type pdf)

<use ../figures_for_paper/estimation/adaptive/as/figure_1_as_mh135_StdVsTime.pd
f>
Package pdftex.def Info: ../figures_for_paper/estimation/adaptive/as/figure_1_a
s_mh135_StdVsTime.pdf used on input line 223.
(pdftex.def)             Requested size: 234.8775pt x 156.58437pt.

<../figures_for_paper/estimation/adaptive/sw/figure_1_sw_mh135_StdVsTime.pdf, i
d=53, 602.25pt x 401.5pt>
File: ../figures_for_paper/estimation/adaptive/sw/figure_1_sw_mh135_StdVsTime.p
df Graphic file (type pdf)

<use ../figures_for_paper/estimation/adaptive/sw/figure_1_sw_mh135_StdVsTime.pd
f>
Package pdftex.def Info: ../figures_for_paper/estimation/adaptive/sw/figure_1_s
w_mh135_StdVsTime.pdf used on input line 224.
(pdftex.def)             Requested size: 234.8775pt x 156.58437pt.

Overfull \hbox (23.99998pt too wide) in paragraph at lines 221--226
 [] 
 []

(../figures_for_paper/estimation/time_temper/as/table_2_as_mh1.tex) [3 <../figu
res_for_paper/estimation/adaptive/as/figure_2_tempering_scheds_as_mh1.pdf> <../
figures_for_paper/estimation/adaptive/sw/figure_2_tempering_scheds_sw_mh1.pdf> 
<../figures_for_paper/estimation/adaptive/as/figure_1_as_mh135_StdVsTime.pdf> <
../figures_for_paper/estimation/adaptive/sw/figure_1_sw_mh135_StdVsTime.pdf>]
(../figures_for_paper/estimation/time_temper/sw/table_2_sw_mh1.tex)
<../figures_for_paper/estimation/time_temper/as/figure_3_as_mh1_StdVsTime.pdf, 
id=77, 602.25pt x 401.5pt>
File: ../figures_for_paper/estimation/time_temper/as/figure_3_as_mh1_StdVsTime.
pdf Graphic file (type pdf)

<use ../figures_for_paper/estimation/time_temper/as/figure_3_as_mh1_StdVsTime.p
df>
Package pdftex.def Info: ../figures_for_paper/estimation/time_temper/as/figure_
3_as_mh1_StdVsTime.pdf used on input line 259.
(pdftex.def)             Requested size: 220.78543pt x 147.19261pt.

<../figures_for_paper/estimation/time_temper/sw/figure_3_sw_mh1_StdVsTime.pdf, 
id=78, 602.25pt x 401.5pt>
File: ../figures_for_paper/estimation/time_temper/sw/figure_3_sw_mh1_StdVsTime.
pdf Graphic file (type pdf)

<use ../figures_for_paper/estimation/time_temper/sw/figure_3_sw_mh1_StdVsTime.p
df>
Package pdftex.def Info: ../figures_for_paper/estimation/time_temper/sw/figure_
3_sw_mh1_StdVsTime.pdf used on input line 260.
(pdftex.def)             Requested size: 220.78543pt x 147.19261pt.


LaTeX Warning: File `../figures_for_paper/estimation/time_temper/as/an_schorfhe
ide_exercise/means_over_time_98.pdf' not found on input line 274.


! Package pdftex.def Error: File `../figures_for_paper/estimation/time_temper/a
s/an_schorfheide_exercise/means_over_time_98.pdf' not found.

See the pdftex.def package documentation for explanation.
Type  H <return>  for immediate help.
 ...                                              
                                                  
l.274 ...orfheide_exercise/means_over_time_98.pdf}
                                                   &
? 

LaTeX Warning: File `../figures_for_paper/estimation/time_temper/as/an_schorfhe
ide_exercise/stds_over_time_98.pdf' not found on input line 275.


! Package pdftex.def Error: File `../figures_for_paper/estimation/time_temper/a
s/an_schorfheide_exercise/stds_over_time_98.pdf' not found.

See the pdftex.def package documentation for explanation.
Type  H <return>  for immediate help.
 ...                                              
                                                  
l.275 ...horfheide_exercise/stds_over_time_98.pdf}
                                                  
? 
[4 <../figures_for_paper/estimation/time_temper/as/figure_3_as_mh1_StdVsTime.pd
f> <../figures_for_paper/estimation/time_temper/sw/figure_3_sw_mh1_StdVsTime.pd
f>]

LaTeX Warning: File `../figures_for_paper/estimation/time_temper/as/an_schorfhe
ide_exercise/tau_mean_and_coverage_bands_98.pdf' not found on input line 287.


! Package pdftex.def Error: File `../figures_for_paper/estimation/time_temper/a
s/an_schorfheide_exercise/tau_mean_and_coverage_bands_98.pdf' not found.

See the pdftex.def package documentation for explanation.
Type  H <return>  for immediate help.
 ...                                              
                                                  
l.287 ...rcise/tau_mean_and_coverage_bands_98.pdf}
                                                   &
? 

LaTeX Warning: File `../figures_for_paper/estimation/time_temper/as/an_schorfhe
ide_exercise/sigma_R_mean_and_coverage_bands_98.pdf' not found on input line 28
8.


! Package pdftex.def Error: File `../figures_for_paper/estimation/time_temper/a
s/an_schorfheide_exercise/sigma_R_mean_and_coverage_bands_98.pdf' not found.

See the pdftex.def package documentation for explanation.
Type  H <return>  for immediate help.
 ...                                              
                                                  
l.288 ...e/sigma_R_mean_and_coverage_bands_98.pdf}
                                                  
? 

<../figures_for_paper/estimation/standard_vs_diffuse/sw/ss1/kdensity_vint=92011
0_param1=iota_p_param2=rho_{lambda_f}.pdf, id=94, 602.25pt x 401.5pt>
File: ../figures_for_paper/estimation/standard_vs_diffuse/sw/ss1/kdensity_vint=
920110_param1=iota_p_param2=rho_{lambda_f}.pdf Graphic file (type pdf)

<use ../figures_for_paper/estimation/standard_vs_diffuse/sw/ss1/kdensity_vint=9
20110_param1=iota_p_param2=rho_{lambda_f}.pdf>
Package pdftex.def Info: ../figures_for_paper/estimation/standard_vs_diffuse/sw
/ss1/kdensity_vint=920110_param1=iota_p_param2=rho_{lambda_f}.pdf used on input
 line 302.
(pdftex.def)             Requested size: 195.1316pt x 130.08401pt.

<../figures_for_paper/estimation/standard_vs_diffuse/sw/ss6/kdensity_vint=92011
0_param1=iota_p_param2=rho_{lambda_f}.pdf, id=95, 602.25pt x 401.5pt>
File: ../figures_for_paper/estimation/standard_vs_diffuse/sw/ss6/kdensity_vint=
920110_param1=iota_p_param2=rho_{lambda_f}.pdf Graphic file (type pdf)

<use ../figures_for_paper/estimation/standard_vs_diffuse/sw/ss6/kdensity_vint=9
20110_param1=iota_p_param2=rho_{lambda_f}.pdf>
Package pdftex.def Info: ../figures_for_paper/estimation/standard_vs_diffuse/sw
/ss6/kdensity_vint=920110_param1=iota_p_param2=rho_{lambda_f}.pdf used on input
 line 303.
(pdftex.def)             Requested size: 195.1316pt x 130.08401pt.

<../figures_for_paper/estimation/standard_vs_diffuse/sw/ss1/kdensity_vint=92011
0_param1=iota_p_param2=eta_{gz}.pdf, id=96, 602.25pt x 401.5pt>
File: ../figures_for_paper/estimation/standard_vs_diffuse/sw/ss1/kdensity_vint=
920110_param1=iota_p_param2=eta_{gz}.pdf Graphic file (type pdf)

<use ../figures_for_paper/estimation/standard_vs_diffuse/sw/ss1/kdensity_vint=9
20110_param1=iota_p_param2=eta_{gz}.pdf>
Package pdftex.def Info: ../figures_for_paper/estimation/standard_vs_diffuse/sw
/ss1/kdensity_vint=920110_param1=iota_p_param2=eta_{gz}.pdf used on input line 
305.
(pdftex.def)             Requested size: 195.1316pt x 130.08401pt.

<../figures_for_paper/estimation/standard_vs_diffuse/sw/ss6/kdensity_vint=92011
0_param1=iota_p_param2=eta_{gz}.pdf, id=97, 602.25pt x 401.5pt>
File: ../figures_for_paper/estimation/standard_vs_diffuse/sw/ss6/kdensity_vint=
920110_param1=iota_p_param2=eta_{gz}.pdf Graphic file (type pdf)

<use ../figures_for_paper/estimation/standard_vs_diffuse/sw/ss6/kdensity_vint=9
20110_param1=iota_p_param2=eta_{gz}.pdf>
Package pdftex.def Info: ../figures_for_paper/estimation/standard_vs_diffuse/sw
/ss6/kdensity_vint=920110_param1=iota_p_param2=eta_{gz}.pdf used on input line 
306.
(pdftex.def)             Requested size: 195.1316pt x 130.08401pt.

<../figures_for_paper/estimation/standard_vs_diffuse/sw/ss1/kdensity_vint=92011
0_param1=h_param2=rho_{lambda_f}.pdf, id=98, 602.25pt x 401.5pt>
File: ../figures_for_paper/estimation/standard_vs_diffuse/sw/ss1/kdensity_vint=
920110_param1=h_param2=rho_{lambda_f}.pdf Graphic file (type pdf)

<use ../figures_for_paper/estimation/standard_vs_diffuse/sw/ss1/kdensity_vint=9
20110_param1=h_param2=rho_{lambda_f}.pdf>
Package pdftex.def Info: ../figures_for_paper/estimation/standard_vs_diffuse/sw
/ss1/kdensity_vint=920110_param1=h_param2=rho_{lambda_f}.pdf used on input line
 308.
(pdftex.def)             Requested size: 195.1316pt x 130.08401pt.

<../figures_for_paper/estimation/standard_vs_diffuse/sw/ss6/kdensity_vint=92011
0_param1=h_param2=rho_{lambda_f}.pdf, id=99, 602.25pt x 401.5pt>
File: ../figures_for_paper/estimation/standard_vs_diffuse/sw/ss6/kdensity_vint=
920110_param1=h_param2=rho_{lambda_f}.pdf Graphic file (type pdf)

<use ../figures_for_paper/estimation/standard_vs_diffuse/sw/ss6/kdensity_vint=9
20110_param1=h_param2=rho_{lambda_f}.pdf>
Package pdftex.def Info: ../figures_for_paper/estimation/standard_vs_diffuse/sw
/ss6/kdensity_vint=920110_param1=h_param2=rho_{lambda_f}.pdf used on input line
 309.
(pdftex.def)             Requested size: 195.1316pt x 130.08401pt.
 [5]
<../figures_for_paper/forecasting/predictive_densities/standard_prior/pred_dens
ities_gdp/SWvm904/time_averaged_sw_vs_swff_both_T0=1991-12-31_T=2016-12-31.pdf,
 id=112, 602.25pt x 401.5pt>
File: ../figures_for_paper/forecasting/predictive_densities/standard_prior/pred
_densities_gdp/SWvm904/time_averaged_sw_vs_swff_both_T0=1991-12-31_T=2016-12-31
.pdf Graphic file (type pdf)

<use ../figures_for_paper/forecasting/predictive_densities/standard_prior/pred_
densities_gdp/SWvm904/time_averaged_sw_vs_swff_both_T0=1991-12-31_T=2016-12-31.
pdf>
Package pdftex.def Info: ../figures_for_paper/forecasting/predictive_densities/
standard_prior/pred_densities_gdp/SWvm904/time_averaged_sw_vs_swff_both_T0=1991
-12-31_T=2016-12-31.pdf used on input line 328.
(pdftex.def)             Requested size: 150.32277pt x 108.40395pt.

<../figures_for_paper/forecasting/predictive_densities/standard_prior/pred_dens
ities_def/SWvm904/time_averaged_sw_vs_swff_both_T0=1991-12-31_T=2016-12-31.pdf,
 id=114, 602.25pt x 401.5pt>
File: ../figures_for_paper/forecasting/predictive_densities/standard_prior/pred
_densities_def/SWvm904/time_averaged_sw_vs_swff_both_T0=1991-12-31_T=2016-12-31
.pdf Graphic file (type pdf)

<use ../figures_for_paper/forecasting/predictive_densities/standard_prior/pred_
densities_def/SWvm904/time_averaged_sw_vs_swff_both_T0=1991-12-31_T=2016-12-31.
pdf>
Package pdftex.def Info: ../figures_for_paper/forecasting/predictive_densities/
standard_prior/pred_densities_def/SWvm904/time_averaged_sw_vs_swff_both_T0=1991
-12-31_T=2016-12-31.pdf used on input line 329.
(pdftex.def)             Requested size: 150.32277pt x 108.40395pt.

<../figures_for_paper/forecasting/predictive_densities/standard_prior/pred_dens
ities_both/SWvm904/time_averaged_sw_vs_swff_both_T0=1991-12-31_T=2016-12-31.pdf
, id=116, 602.25pt x 401.5pt>
File: ../figures_for_paper/forecasting/predictive_densities/standard_prior/pred
_densities_both/SWvm904/time_averaged_sw_vs_swff_both_T0=1991-12-31_T=2016-12-3
1.pdf Graphic file (type pdf)

<use ../figures_for_paper/forecasting/predictive_densities/standard_prior/pred_
densities_both/SWvm904/time_averaged_sw_vs_swff_both_T0=1991-12-31_T=2016-12-31
.pdf>
Package pdftex.def Info: ../figures_for_paper/forecasting/predictive_densities/
standard_prior/pred_densities_both/SWvm904/time_averaged_sw_vs_swff_both_T0=199
1-12-31_T=2016-12-31.pdf used on input line 330.
(pdftex.def)             Requested size: 150.32277pt x 108.40395pt.

<../figures_for_paper/forecasting/predictive_densities/standard_prior/pred_dens
ities_gdp/SWvm904/time_averaged_sw_vs_swff_nowcast_T0=1991-12-31_T=2016-12-31.p
df, id=118, 602.25pt x 401.5pt>
File: ../figures_for_paper/forecasting/predictive_densities/standard_prior/pred
_densities_gdp/SWvm904/time_averaged_sw_vs_swff_nowcast_T0=1991-12-31_T=2016-12
-31.pdf Graphic file (type pdf)

<use ../figures_for_paper/forecasting/predictive_densities/standard_prior/pred_
densities_gdp/SWvm904/time_averaged_sw_vs_swff_nowcast_T0=1991-12-31_T=2016-12-
31.pdf>
Package pdftex.def Info: ../figures_for_paper/forecasting/predictive_densities/
standard_prior/pred_densities_gdp/SWvm904/time_averaged_sw_vs_swff_nowcast_T0=1
991-12-31_T=2016-12-31.pdf used on input line 332.
(pdftex.def)             Requested size: 150.32277pt x 108.40395pt.

<../figures_for_paper/forecasting/predictive_densities/standard_prior/pred_dens
ities_def/SWvm904/time_averaged_sw_vs_swff_nowcast_T0=1991-12-31_T=2016-12-31.p
df, id=120, 602.25pt x 401.5pt>
File: ../figures_for_paper/forecasting/predictive_densities/standard_prior/pred
_densities_def/SWvm904/time_averaged_sw_vs_swff_nowcast_T0=1991-12-31_T=2016-12
-31.pdf Graphic file (type pdf)

<use ../figures_for_paper/forecasting/predictive_densities/standard_prior/pred_
densities_def/SWvm904/time_averaged_sw_vs_swff_nowcast_T0=1991-12-31_T=2016-12-
31.pdf>
Package pdftex.def Info: ../figures_for_paper/forecasting/predictive_densities/
standard_prior/pred_densities_def/SWvm904/time_averaged_sw_vs_swff_nowcast_T0=1
991-12-31_T=2016-12-31.pdf used on input line 333.
(pdftex.def)             Requested size: 150.32277pt x 108.40395pt.

<../figures_for_paper/forecasting/predictive_densities/standard_prior/pred_dens
ities_both/SWvm904/time_averaged_sw_vs_swff_nowcast_T0=1991-12-31_T=2016-12-31.
pdf, id=122, 602.25pt x 401.5pt>
File: ../figures_for_paper/forecasting/predictive_densities/standard_prior/pred
_densities_both/SWvm904/time_averaged_sw_vs_swff_nowcast_T0=1991-12-31_T=2016-1
2-31.pdf Graphic file (type pdf)

<use ../figures_for_paper/forecasting/predictive_densities/standard_prior/pred_
densities_both/SWvm904/time_averaged_sw_vs_swff_nowcast_T0=1991-12-31_T=2016-12
-31.pdf>
Package pdftex.def Info: ../figures_for_paper/forecasting/predictive_densities/
standard_prior/pred_densities_both/SWvm904/time_averaged_sw_vs_swff_nowcast_T0=
1991-12-31_T=2016-12-31.pdf used on input line 334.
(pdftex.def)             Requested size: 150.32277pt x 108.40395pt.

<../figures_for_paper/forecasting/predictive_densities/standard_prior/pred_dens
ities_gdp/SWvm904/time_averaged_sw_vs_swff_bluechip_T0=1991-12-31_T=2016-12-31.
pdf, id=124, 602.25pt x 401.5pt>
File: ../figures_for_paper/forecasting/predictive_densities/standard_prior/pred
_densities_gdp/SWvm904/time_averaged_sw_vs_swff_bluechip_T0=1991-12-31_T=2016-1
2-31.pdf Graphic file (type pdf)

<use ../figures_for_paper/forecasting/predictive_densities/standard_prior/pred_
densities_gdp/SWvm904/time_averaged_sw_vs_swff_bluechip_T0=1991-12-31_T=2016-12
-31.pdf>
Package pdftex.def Info: ../figures_for_paper/forecasting/predictive_densities/
standard_prior/pred_densities_gdp/SWvm904/time_averaged_sw_vs_swff_bluechip_T0=
1991-12-31_T=2016-12-31.pdf used on input line 336.
(pdftex.def)             Requested size: 150.32277pt x 108.40395pt.

<../figures_for_paper/forecasting/predictive_densities/standard_prior/pred_dens
ities_def/SWvm904/time_averaged_sw_vs_swff_bluechip_T0=1991-12-31_T=2016-12-31.
pdf, id=126, 602.25pt x 401.5pt>
File: ../figures_for_paper/forecasting/predictive_densities/standard_prior/pred
_densities_def/SWvm904/time_averaged_sw_vs_swff_bluechip_T0=1991-12-31_T=2016-1
2-31.pdf Graphic file (type pdf)

<use ../figures_for_paper/forecasting/predictive_densities/standard_prior/pred_
densities_def/SWvm904/time_averaged_sw_vs_swff_bluechip_T0=1991-12-31_T=2016-12
-31.pdf>
Package pdftex.def Info: ../figures_for_paper/forecasting/predictive_densities/
standard_prior/pred_densities_def/SWvm904/time_averaged_sw_vs_swff_bluechip_T0=
1991-12-31_T=2016-12-31.pdf used on input line 337.
(pdftex.def)             Requested size: 150.32277pt x 108.40395pt.

<../figures_for_paper/forecasting/predictive_densities/standard_prior/pred_dens
ities_both/SWvm904/time_averaged_sw_vs_swff_bluechip_T0=1991-12-31_T=2016-12-31
.pdf, id=128, 602.25pt x 401.5pt>
File: ../figures_for_paper/forecasting/predictive_densities/standard_prior/pred
_densities_both/SWvm904/time_averaged_sw_vs_swff_bluechip_T0=1991-12-31_T=2016-
12-31.pdf Graphic file (type pdf)

<use ../figures_for_paper/forecasting/predictive_densities/standard_prior/pred_
densities_both/SWvm904/time_averaged_sw_vs_swff_bluechip_T0=1991-12-31_T=2016-1
2-31.pdf>
Package pdftex.def Info: ../figures_for_paper/forecasting/predictive_densities/
standard_prior/pred_densities_both/SWvm904/time_averaged_sw_vs_swff_bluechip_T0
=1991-12-31_T=2016-12-31.pdf used on input line 338.
(pdftex.def)             Requested size: 150.32277pt x 108.40395pt.

<../figures_for_paper/forecasting/predictive_densities/standard_prior/pred_dens
ities_gdp/SWvm904/time_averaged_sw_vs_swff_neither_T0=1991-12-31_T=2016-12-31.p
df, id=130, 602.25pt x 401.5pt>
File: ../figures_for_paper/forecasting/predictive_densities/standard_prior/pred
_densities_gdp/SWvm904/time_averaged_sw_vs_swff_neither_T0=1991-12-31_T=2016-12
-31.pdf Graphic file (type pdf)

<use ../figures_for_paper/forecasting/predictive_densities/standard_prior/pred_
densities_gdp/SWvm904/time_averaged_sw_vs_swff_neither_T0=1991-12-31_T=2016-12-
31.pdf>
Package pdftex.def Info: ../figures_for_paper/forecasting/predictive_densities/
standard_prior/pred_densities_gdp/SWvm904/time_averaged_sw_vs_swff_neither_T0=1
991-12-31_T=2016-12-31.pdf used on input line 340.
(pdftex.def)             Requested size: 150.32277pt x 108.40395pt.

<../figures_for_paper/forecasting/predictive_densities/standard_prior/pred_dens
ities_def/SWvm904/time_averaged_sw_vs_swff_neither_T0=1991-12-31_T=2016-12-31.p
df, id=132, 602.25pt x 401.5pt>
File: ../figures_for_paper/forecasting/predictive_densities/standard_prior/pred
_densities_def/SWvm904/time_averaged_sw_vs_swff_neither_T0=1991-12-31_T=2016-12
-31.pdf Graphic file (type pdf)

<use ../figures_for_paper/forecasting/predictive_densities/standard_prior/pred_
densities_def/SWvm904/time_averaged_sw_vs_swff_neither_T0=1991-12-31_T=2016-12-
31.pdf>
Package pdftex.def Info: ../figures_for_paper/forecasting/predictive_densities/
standard_prior/pred_densities_def/SWvm904/time_averaged_sw_vs_swff_neither_T0=1
991-12-31_T=2016-12-31.pdf used on input line 341.
(pdftex.def)             Requested size: 150.32277pt x 108.40395pt.

<../figures_for_paper/forecasting/predictive_densities/standard_prior/pred_dens
ities_both/SWvm904/time_averaged_sw_vs_swff_neither_T0=1991-12-31_T=2016-12-31.
pdf, id=134, 602.25pt x 401.5pt>
File: ../figures_for_paper/forecasting/predictive_densities/standard_prior/pred
_densities_both/SWvm904/time_averaged_sw_vs_swff_neither_T0=1991-12-31_T=2016-1
2-31.pdf Graphic file (type pdf)

<use ../figures_for_paper/forecasting/predictive_densities/standard_prior/pred_
densities_both/SWvm904/time_averaged_sw_vs_swff_neither_T0=1991-12-31_T=2016-12
-31.pdf>
Package pdftex.def Info: ../figures_for_paper/forecasting/predictive_densities/
standard_prior/pred_densities_both/SWvm904/time_averaged_sw_vs_swff_neither_T0=
1991-12-31_T=2016-12-31.pdf used on input line 342.
(pdftex.def)             Requested size: 150.32277pt x 108.40395pt.
 [6 <../figures_for_paper/estimation/standard_vs_diffuse/sw/ss1/kdensity_vint=9
20110_param1=iota_p_param2=rho_{lambda_f}.pdf> <../figures_for_paper/estimation
/standard_vs_diffuse/sw/ss6/kdensity_vint=920110_param1=iota_p_param2=rho_{lamb
da_f}.pdf> <../figures_for_paper/estimation/standard_vs_diffuse/sw/ss1/kdensity
_vint=920110_param1=iota_p_param2=eta_{gz}.pdf> <../figures_for_paper/estimatio
n/standard_vs_diffuse/sw/ss6/kdensity_vint=920110_param1=iota_p_param2=eta_{gz}
.pdf> <../figures_for_paper/estimation/standard_vs_diffuse/sw/ss1/kdensity_vint
=920110_param1=h_param2=rho_{lambda_f}.pdf> <../figures_for_paper/estimation/st
andard_vs_diffuse/sw/ss6/kdensity_vint=920110_param1=h_param2=rho_{lambda_f}.pd
f>]

LaTeX Warning: `!h' float specifier changed to `!ht'.


<../figures_for_paper/forecasting/predictive_densities/standard_prior/pred_dens
ities_gdp/SWvm904/grouped_mean_pred_dens_both_hor=2_T0=1991-12-31_T=2016-12-31.
pdf, id=159, 602.25pt x 401.5pt>
File: ../figures_for_paper/forecasting/predictive_densities/standard_prior/pred
_densities_gdp/SWvm904/grouped_mean_pred_dens_both_hor=2_T0=1991-12-31_T=2016-1
2-31.pdf Graphic file (type pdf)

<use ../figures_for_paper/forecasting/predictive_densities/standard_prior/pred_
densities_gdp/SWvm904/grouped_mean_pred_dens_both_hor=2_T0=1991-12-31_T=2016-12
-31.pdf>
Package pdftex.def Info: ../figures_for_paper/forecasting/predictive_densities/
standard_prior/pred_densities_gdp/SWvm904/grouped_mean_pred_dens_both_hor=2_T0=
1991-12-31_T=2016-12-31.pdf used on input line 361.
(pdftex.def)             Requested size: 211.384pt x 108.40395pt.

<../figures_for_paper/forecasting/predictive_densities/standard_prior/pred_dens
ities_gdp/SWvm904/grouped_mean_pred_dens_both_hor=8_T0=1991-12-31_T=2016-12-31.
pdf, id=161, 602.25pt x 401.5pt>
File: ../figures_for_paper/forecasting/predictive_densities/standard_prior/pred
_densities_gdp/SWvm904/grouped_mean_pred_dens_both_hor=8_T0=1991-12-31_T=2016-1
2-31.pdf Graphic file (type pdf)

<use ../figures_for_paper/forecasting/predictive_densities/standard_prior/pred_
densities_gdp/SWvm904/grouped_mean_pred_dens_both_hor=8_T0=1991-12-31_T=2016-12
-31.pdf>
Package pdftex.def Info: ../figures_for_paper/forecasting/predictive_densities/
standard_prior/pred_densities_gdp/SWvm904/grouped_mean_pred_dens_both_hor=8_T0=
1991-12-31_T=2016-12-31.pdf used on input line 362.
(pdftex.def)             Requested size: 211.384pt x 108.40395pt.

<../figures_for_paper/forecasting/predictive_densities/standard_prior/pred_dens
ities_gdp/SWvm904/grouped_mean_pred_dens_nowcast_hor=2_T0=1991-12-31_T=2016-12-
31.pdf, id=163, 602.25pt x 401.5pt>
File: ../figures_for_paper/forecasting/predictive_densities/standard_prior/pred
_densities_gdp/SWvm904/grouped_mean_pred_dens_nowcast_hor=2_T0=1991-12-31_T=201
6-12-31.pdf Graphic file (type pdf)

<use ../figures_for_paper/forecasting/predictive_densities/standard_prior/pred_
densities_gdp/SWvm904/grouped_mean_pred_dens_nowcast_hor=2_T0=1991-12-31_T=2016
-12-31.pdf>
Package pdftex.def Info: ../figures_for_paper/forecasting/predictive_densities/
standard_prior/pred_densities_gdp/SWvm904/grouped_mean_pred_dens_nowcast_hor=2_
T0=1991-12-31_T=2016-12-31.pdf used on input line 364.
(pdftex.def)             Requested size: 211.384pt x 108.40395pt.

<../figures_for_paper/forecasting/predictive_densities/standard_prior/pred_dens
ities_gdp/SWvm904/grouped_mean_pred_dens_nowcast_hor=8_T0=1991-12-31_T=2016-12-
31.pdf, id=165, 602.25pt x 401.5pt>
File: ../figures_for_paper/forecasting/predictive_densities/standard_prior/pred
_densities_gdp/SWvm904/grouped_mean_pred_dens_nowcast_hor=8_T0=1991-12-31_T=201
6-12-31.pdf Graphic file (type pdf)

<use ../figures_for_paper/forecasting/predictive_densities/standard_prior/pred_
densities_gdp/SWvm904/grouped_mean_pred_dens_nowcast_hor=8_T0=1991-12-31_T=2016
-12-31.pdf>
Package pdftex.def Info: ../figures_for_paper/forecasting/predictive_densities/
standard_prior/pred_densities_gdp/SWvm904/grouped_mean_pred_dens_nowcast_hor=8_
T0=1991-12-31_T=2016-12-31.pdf used on input line 365.
(pdftex.def)             Requested size: 211.384pt x 108.40395pt.

<../figures_for_paper/forecasting/predictive_densities/standard_prior/pred_dens
ities_gdp/SWvm904/grouped_mean_pred_dens_bluechip_hor=2_T0=1991-12-31_T=2016-12
-31.pdf, id=167, 602.25pt x 401.5pt>
File: ../figures_for_paper/forecasting/predictive_densities/standard_prior/pred
_densities_gdp/SWvm904/grouped_mean_pred_dens_bluechip_hor=2_T0=1991-12-31_T=20
16-12-31.pdf Graphic file (type pdf)

<use ../figures_for_paper/forecasting/predictive_densities/standard_prior/pred_
densities_gdp/SWvm904/grouped_mean_pred_dens_bluechip_hor=2_T0=1991-12-31_T=201
6-12-31.pdf>
Package pdftex.def Info: ../figures_for_paper/forecasting/predictive_densities/
standard_prior/pred_densities_gdp/SWvm904/grouped_mean_pred_dens_bluechip_hor=2
_T0=1991-12-31_T=2016-12-31.pdf used on input line 367.
(pdftex.def)             Requested size: 211.384pt x 108.40395pt.

<../figures_for_paper/forecasting/predictive_densities/standard_prior/pred_dens
ities_gdp/SWvm904/grouped_mean_pred_dens_bluechip_hor=8_T0=1991-12-31_T=2016-12
-31.pdf, id=169, 602.25pt x 401.5pt>
File: ../figures_for_paper/forecasting/predictive_densities/standard_prior/pred
_densities_gdp/SWvm904/grouped_mean_pred_dens_bluechip_hor=8_T0=1991-12-31_T=20
16-12-31.pdf Graphic file (type pdf)

<use ../figures_for_paper/forecasting/predictive_densities/standard_prior/pred_
densities_gdp/SWvm904/grouped_mean_pred_dens_bluechip_hor=8_T0=1991-12-31_T=201
6-12-31.pdf>
Package pdftex.def Info: ../figures_for_paper/forecasting/predictive_densities/
standard_prior/pred_densities_gdp/SWvm904/grouped_mean_pred_dens_bluechip_hor=8
_T0=1991-12-31_T=2016-12-31.pdf used on input line 368.
(pdftex.def)             Requested size: 211.384pt x 108.40395pt.

<../figures_for_paper/forecasting/predictive_densities/standard_prior/pred_dens
ities_gdp/SWvm904/grouped_mean_pred_dens_neither_hor=2_T0=1991-12-31_T=2016-12-
31.pdf, id=171, 602.25pt x 401.5pt>
File: ../figures_for_paper/forecasting/predictive_densities/standard_prior/pred
_densities_gdp/SWvm904/grouped_mean_pred_dens_neither_hor=2_T0=1991-12-31_T=201
6-12-31.pdf Graphic file (type pdf)

<use ../figures_for_paper/forecasting/predictive_densities/standard_prior/pred_
densities_gdp/SWvm904/grouped_mean_pred_dens_neither_hor=2_T0=1991-12-31_T=2016
-12-31.pdf>
Package pdftex.def Info: ../figures_for_paper/forecasting/predictive_densities/
standard_prior/pred_densities_gdp/SWvm904/grouped_mean_pred_dens_neither_hor=2_
T0=1991-12-31_T=2016-12-31.pdf used on input line 370.
(pdftex.def)             Requested size: 211.384pt x 108.40395pt.

<../figures_for_paper/forecasting/predictive_densities/standard_prior/pred_dens
ities_gdp/SWvm904/grouped_mean_pred_dens_neither_hor=8_T0=1991-12-31_T=2016-12-
31.pdf, id=173, 602.25pt x 401.5pt>
File: ../figures_for_paper/forecasting/predictive_densities/standard_prior/pred
_densities_gdp/SWvm904/grouped_mean_pred_dens_neither_hor=8_T0=1991-12-31_T=201
6-12-31.pdf Graphic file (type pdf)

<use ../figures_for_paper/forecasting/predictive_densities/standard_prior/pred_
densities_gdp/SWvm904/grouped_mean_pred_dens_neither_hor=8_T0=1991-12-31_T=2016
-12-31.pdf>
Package pdftex.def Info: ../figures_for_paper/forecasting/predictive_densities/
standard_prior/pred_densities_gdp/SWvm904/grouped_mean_pred_dens_neither_hor=8_
T0=1991-12-31_T=2016-12-31.pdf used on input line 371.
(pdftex.def)             Requested size: 211.384pt x 108.40395pt.


LaTeX Warning: Reference `subsec:realtimedata' on page 7 undefined on input lin
e 378.


LaTeX Warning: `!h' float specifier changed to `!ht'.


<../figures_for_paper/forecasting/predictive_densities/standard_prior/pred_dens
ities_gdp/SWvm904/time_averaged_sw_vs_swff_bluechip_T0=2011-03-31_T=2016-03-31.
pdf, id=175, 602.25pt x 401.5pt>
File: ../figures_for_paper/forecasting/predictive_densities/standard_prior/pred
_densities_gdp/SWvm904/time_averaged_sw_vs_swff_bluechip_T0=2011-03-31_T=2016-0
3-31.pdf Graphic file (type pdf)

<use ../figures_for_paper/forecasting/predictive_densities/standard_prior/pred_
densities_gdp/SWvm904/time_averaged_sw_vs_swff_bluechip_T0=2011-03-31_T=2016-03
-31.pdf>
Package pdftex.def Info: ../figures_for_paper/forecasting/predictive_densities/
standard_prior/pred_densities_gdp/SWvm904/time_averaged_sw_vs_swff_bluechip_T0=
2011-03-31_T=2016-03-31.pdf used on input line 392.
(pdftex.def)             Requested size: 150.32277pt x 108.40395pt.

<../figures_for_paper/forecasting/predictive_densities/standard_prior/pred_dens
ities_def/SWvm904/time_averaged_sw_vs_swff_bluechip_T0=2011-03-31_T=2016-03-31.
pdf, id=177, 602.25pt x 401.5pt>
File: ../figures_for_paper/forecasting/predictive_densities/standard_prior/pred
_densities_def/SWvm904/time_averaged_sw_vs_swff_bluechip_T0=2011-03-31_T=2016-0
3-31.pdf Graphic file (type pdf)

<use ../figures_for_paper/forecasting/predictive_densities/standard_prior/pred_
densities_def/SWvm904/time_averaged_sw_vs_swff_bluechip_T0=2011-03-31_T=2016-03
-31.pdf>
Package pdftex.def Info: ../figures_for_paper/forecasting/predictive_densities/
standard_prior/pred_densities_def/SWvm904/time_averaged_sw_vs_swff_bluechip_T0=
2011-03-31_T=2016-03-31.pdf used on input line 393.
(pdftex.def)             Requested size: 150.32277pt x 108.40395pt.

<../figures_for_paper/forecasting/predictive_densities/standard_prior/pred_dens
ities_both/SWvm904/time_averaged_sw_vs_swff_bluechip_T0=2011-03-31_T=2016-03-31
.pdf, id=179, 602.25pt x 401.5pt>
File: ../figures_for_paper/forecasting/predictive_densities/standard_prior/pred
_densities_both/SWvm904/time_averaged_sw_vs_swff_bluechip_T0=2011-03-31_T=2016-
03-31.pdf Graphic file (type pdf)

<use ../figures_for_paper/forecasting/predictive_densities/standard_prior/pred_
densities_both/SWvm904/time_averaged_sw_vs_swff_bluechip_T0=2011-03-31_T=2016-0
3-31.pdf>
Package pdftex.def Info: ../figures_for_paper/forecasting/predictive_densities/
standard_prior/pred_densities_both/SWvm904/time_averaged_sw_vs_swff_bluechip_T0
=2011-03-31_T=2016-03-31.pdf used on input line 394.
(pdftex.def)             Requested size: 150.32277pt x 108.40395pt.

<../figures_for_paper/forecasting/predictive_densities/standard_prior/pred_dens
ities_gdp/SWvm904/time_averaged_sw_vs_swff_neither_T0=2011-03-31_T=2016-03-31.p
df, id=181, 602.25pt x 401.5pt>
File: ../figures_for_paper/forecasting/predictive_densities/standard_prior/pred
_densities_gdp/SWvm904/time_averaged_sw_vs_swff_neither_T0=2011-03-31_T=2016-03
-31.pdf Graphic file (type pdf)

<use ../figures_for_paper/forecasting/predictive_densities/standard_prior/pred_
densities_gdp/SWvm904/time_averaged_sw_vs_swff_neither_T0=2011-03-31_T=2016-03-
31.pdf>
Package pdftex.def Info: ../figures_for_paper/forecasting/predictive_densities/
standard_prior/pred_densities_gdp/SWvm904/time_averaged_sw_vs_swff_neither_T0=2
011-03-31_T=2016-03-31.pdf used on input line 396.
(pdftex.def)             Requested size: 150.32277pt x 108.40395pt.

<../figures_for_paper/forecasting/predictive_densities/standard_prior/pred_dens
ities_def/SWvm904/time_averaged_sw_vs_swff_neither_T0=2011-03-31_T=2016-03-31.p
df, id=183, 602.25pt x 401.5pt>
File: ../figures_for_paper/forecasting/predictive_densities/standard_prior/pred
_densities_def/SWvm904/time_averaged_sw_vs_swff_neither_T0=2011-03-31_T=2016-03
-31.pdf Graphic file (type pdf)

<use ../figures_for_paper/forecasting/predictive_densities/standard_prior/pred_
densities_def/SWvm904/time_averaged_sw_vs_swff_neither_T0=2011-03-31_T=2016-03-
31.pdf>
Package pdftex.def Info: ../figures_for_paper/forecasting/predictive_densities/
standard_prior/pred_densities_def/SWvm904/time_averaged_sw_vs_swff_neither_T0=2
011-03-31_T=2016-03-31.pdf used on input line 397.
(pdftex.def)             Requested size: 150.32277pt x 108.40395pt.

<../figures_for_paper/forecasting/predictive_densities/standard_prior/pred_dens
ities_both/SWvm904/time_averaged_sw_vs_swff_neither_T0=2011-03-31_T=2016-03-31.
pdf, id=185, 602.25pt x 401.5pt>
File: ../figures_for_paper/forecasting/predictive_densities/standard_prior/pred
_densities_both/SWvm904/time_averaged_sw_vs_swff_neither_T0=2011-03-31_T=2016-0
3-31.pdf Graphic file (type pdf)

<use ../figures_for_paper/forecasting/predictive_densities/standard_prior/pred_
densities_both/SWvm904/time_averaged_sw_vs_swff_neither_T0=2011-03-31_T=2016-03
-31.pdf>
Package pdftex.def Info: ../figures_for_paper/forecasting/predictive_densities/
standard_prior/pred_densities_both/SWvm904/time_averaged_sw_vs_swff_neither_T0=
2011-03-31_T=2016-03-31.pdf used on input line 398.
(pdftex.def)             Requested size: 150.32277pt x 108.40395pt.
 [7 <../figures_for_paper/forecasting/predictive_densities/standard_prior/pred_
densities_gdp/SWvm904/time_averaged_sw_vs_swff_bluechip_T0=2011-03-31_T=2016-03
-31.pdf> <../figures_for_paper/forecasting/predictive_densities/standard_prior/
pred_densities_def/SWvm904/time_averaged_sw_vs_swff_bluechip_T0=2011-03-31_T=20
16-03-31.pdf> <../figures_for_paper/forecasting/predictive_densities/standard_p
rior/pred_densities_both/SWvm904/time_averaged_sw_vs_swff_bluechip_T0=2011-03-3
1_T=2016-03-31.pdf> <../figures_for_paper/forecasting/predictive_densities/stan
dard_prior/pred_densities_gdp/SWvm904/time_averaged_sw_vs_swff_neither_T0=2011-
03-31_T=2016-03-31.pdf> <../figures_for_paper/forecasting/predictive_densities/
standard_prior/pred_densities_def/SWvm904/time_averaged_sw_vs_swff_neither_T0=2
011-03-31_T=2016-03-31.pdf> <../figures_for_paper/forecasting/predictive_densit
ies/standard_prior/pred_densities_both/SWvm904/time_averaged_sw_vs_swff_neither
_T0=2011-03-31_T=2016-03-31.pdf>] [8 <../figures_for_paper/forecasting/predicti
ve_densities/standard_prior/pred_densities_gdp/SWvm904/time_averaged_sw_vs_swff
_both_T0=1991-12-31_T=2016-12-31.pdf> <../figures_for_paper/forecasting/predict
ive_densities/standard_prior/pred_densities_def/SWvm904/time_averaged_sw_vs_swf
f_both_T0=1991-12-31_T=2016-12-31.pdf> <../figures_for_paper/forecasting/predic
tive_densities/standard_prior/pred_densities_both/SWvm904/time_averaged_sw_vs_s
wff_both_T0=1991-12-31_T=2016-12-31.pdf> <../figures_for_paper/forecasting/pred
ictive_densities/standard_prior/pred_densities_gdp/SWvm904/time_averaged_sw_vs_
swff_nowcast_T0=1991-12-31_T=2016-12-31.pdf> <../figures_for_paper/forecasting/
predictive_densities/standard_prior/pred_densities_def/SWvm904/time_averaged_sw
_vs_swff_nowcast_T0=1991-12-31_T=2016-12-31.pdf> <../figures_for_paper/forecast
ing/predictive_densities/standard_prior/pred_densities_both/SWvm904/time_averag
ed_sw_vs_swff_nowcast_T0=1991-12-31_T=2016-12-31.pdf> <../figures_for_paper/for
ecasting/predictive_densities/standard_prior/pred_densities_gdp/SWvm904/time_av
eraged_sw_vs_swff_bluechip_T0=1991-12-31_T=2016-12-31.pdf> <../figures_for_pape
r/forecasting/predictive_densities/standard_prior/pred_densities_def/SWvm904/ti
me_averaged_sw_vs_swff_bluechip_T0=1991-12-31_T=2016-12-31.pdf> <../figures_for
_paper/forecasting/predictive_densities/standard_prior/pred_densities_both/SWvm
904/time_averaged_sw_vs_swff_bluechip_T0=1991-12-31_T=2016-12-31.pdf> <../figur
es_for_paper/forecasting/predictive_densities/standard_prior/pred_densities_gdp
/SWvm904/time_averaged_sw_vs_swff_neither_T0=1991-12-31_T=2016-12-31.pdf> <../f
igures_for_paper/forecasting/predictive_densities/standard_prior/pred_densities
_def/SWvm904/time_averaged_sw_vs_swff_neither_T0=1991-12-31_T=2016-12-31.pdf> <
../figures_for_paper/forecasting/predictive_densities/standard_prior/pred_densi
ties_both/SWvm904/time_averaged_sw_vs_swff_neither_T0=1991-12-31_T=2016-12-31.p
df>] [9 <../figures_for_paper/forecasting/predictive_densities/standard_prior/p
red_densities_gdp/SWvm904/grouped_mean_pred_dens_both_hor=2_T0=1991-12-31_T=201
6-12-31.pdf> <../figures_for_paper/forecasting/predictive_densities/standard_pr
ior/pred_densities_gdp/SWvm904/grouped_mean_pred_dens_both_hor=8_T0=1991-12-31_
T=2016-12-31.pdf> <../figures_for_paper/forecasting/predictive_densities/standa
rd_prior/pred_densities_gdp/SWvm904/grouped_mean_pred_dens_nowcast_hor=2_T0=199
1-12-31_T=2016-12-31.pdf> <../figures_for_paper/forecasting/predictive_densitie
s/standard_prior/pred_densities_gdp/SWvm904/grouped_mean_pred_dens_nowcast_hor=
8_T0=1991-12-31_T=2016-12-31.pdf> <../figures_for_paper/forecasting/predictive_
densities/standard_prior/pred_densities_gdp/SWvm904/grouped_mean_pred_dens_blue
chip_hor=2_T0=1991-12-31_T=2016-12-31.pdf> <../figures_for_paper/forecasting/pr
edictive_densities/standard_prior/pred_densities_gdp/SWvm904/grouped_mean_pred_
dens_bluechip_hor=8_T0=1991-12-31_T=2016-12-31.pdf> <../figures_for_paper/forec
asting/predictive_densities/standard_prior/pred_densities_gdp/SWvm904/grouped_m
ean_pred_dens_neither_hor=2_T0=1991-12-31_T=2016-12-31.pdf> <../figures_for_pap
er/forecasting/predictive_densities/standard_prior/pred_densities_gdp/SWvm904/g
rouped_mean_pred_dens_neither_hor=8_T0=1991-12-31_T=2016-12-31.pdf>]
<../figures_for_paper/forecasting/predictive_densities/prior_comparison/pred_de
nsities_gdp/smets_wouters/time_averaged_sw_prior_comparison_both_T0=1991-12-31_
T=2016-12-31.pdf, id=312, 602.25pt x 401.5pt>
File: ../figures_for_paper/forecasting/predictive_densities/prior_comparison/pr
ed_densities_gdp/smets_wouters/time_averaged_sw_prior_comparison_both_T0=1991-1
2-31_T=2016-12-31.pdf Graphic file (type pdf)

<use ../figures_for_paper/forecasting/predictive_densities/prior_comparison/pre
d_densities_gdp/smets_wouters/time_averaged_sw_prior_comparison_both_T0=1991-12
-31_T=2016-12-31.pdf>
Package pdftex.def Info: ../figures_for_paper/forecasting/predictive_densities/
prior_comparison/pred_densities_gdp/smets_wouters/time_averaged_sw_prior_compar
ison_both_T0=1991-12-31_T=2016-12-31.pdf used on input line 417.
(pdftex.def)             Requested size: 150.32277pt x 108.40395pt.

<../figures_for_paper/forecasting/predictive_densities/prior_comparison/pred_de
nsities_def/smets_wouters/time_averaged_sw_prior_comparison_both_T0=1991-12-31_
T=2016-12-31.pdf, id=314, 602.25pt x 401.5pt>
File: ../figures_for_paper/forecasting/predictive_densities/prior_comparison/pr
ed_densities_def/smets_wouters/time_averaged_sw_prior_comparison_both_T0=1991-1
2-31_T=2016-12-31.pdf Graphic file (type pdf)

<use ../figures_for_paper/forecasting/predictive_densities/prior_comparison/pre
d_densities_def/smets_wouters/time_averaged_sw_prior_comparison_both_T0=1991-12
-31_T=2016-12-31.pdf>
Package pdftex.def Info: ../figures_for_paper/forecasting/predictive_densities/
prior_comparison/pred_densities_def/smets_wouters/time_averaged_sw_prior_compar
ison_both_T0=1991-12-31_T=2016-12-31.pdf used on input line 418.
(pdftex.def)             Requested size: 150.32277pt x 108.40395pt.

<../figures_for_paper/forecasting/predictive_densities/prior_comparison/pred_de
nsities_both/smets_wouters/time_averaged_sw_prior_comparison_both_T0=1991-12-31
_T=2016-12-31.pdf, id=316, 602.25pt x 401.5pt>
File: ../figures_for_paper/forecasting/predictive_densities/prior_comparison/pr
ed_densities_both/smets_wouters/time_averaged_sw_prior_comparison_both_T0=1991-
12-31_T=2016-12-31.pdf Graphic file (type pdf)

<use ../figures_for_paper/forecasting/predictive_densities/prior_comparison/pre
d_densities_both/smets_wouters/time_averaged_sw_prior_comparison_both_T0=1991-1
2-31_T=2016-12-31.pdf>
Package pdftex.def Info: ../figures_for_paper/forecasting/predictive_densities/
prior_comparison/pred_densities_both/smets_wouters/time_averaged_sw_prior_compa
rison_both_T0=1991-12-31_T=2016-12-31.pdf used on input line 419.
(pdftex.def)             Requested size: 150.32277pt x 108.40395pt.

<../figures_for_paper/forecasting/predictive_densities/prior_comparison/pred_de
nsities_gdp/m805/time_averaged_swpi_prior_comparison_both_T0=1991-12-31_T=2016-
12-31.pdf, id=318, 602.25pt x 401.5pt>
File: ../figures_for_paper/forecasting/predictive_densities/prior_comparison/pr
ed_densities_gdp/m805/time_averaged_swpi_prior_comparison_both_T0=1991-12-31_T=
2016-12-31.pdf Graphic file (type pdf)

<use ../figures_for_paper/forecasting/predictive_densities/prior_comparison/pre
d_densities_gdp/m805/time_averaged_swpi_prior_comparison_both_T0=1991-12-31_T=2
016-12-31.pdf>
Package pdftex.def Info: ../figures_for_paper/forecasting/predictive_densities/
prior_comparison/pred_densities_gdp/m805/time_averaged_swpi_prior_comparison_bo
th_T0=1991-12-31_T=2016-12-31.pdf used on input line 421.
(pdftex.def)             Requested size: 150.32277pt x 108.40395pt.

<../figures_for_paper/forecasting/predictive_densities/prior_comparison/pred_de
nsities_def/m805/time_averaged_swpi_prior_comparison_both_T0=1991-12-31_T=2016-
12-31.pdf, id=320, 602.25pt x 401.5pt>
File: ../figures_for_paper/forecasting/predictive_densities/prior_comparison/pr
ed_densities_def/m805/time_averaged_swpi_prior_comparison_both_T0=1991-12-31_T=
2016-12-31.pdf Graphic file (type pdf)

<use ../figures_for_paper/forecasting/predictive_densities/prior_comparison/pre
d_densities_def/m805/time_averaged_swpi_prior_comparison_both_T0=1991-12-31_T=2
016-12-31.pdf>
Package pdftex.def Info: ../figures_for_paper/forecasting/predictive_densities/
prior_comparison/pred_densities_def/m805/time_averaged_swpi_prior_comparison_bo
th_T0=1991-12-31_T=2016-12-31.pdf used on input line 422.
(pdftex.def)             Requested size: 150.32277pt x 108.40395pt.

<../figures_for_paper/forecasting/predictive_densities/prior_comparison/pred_de
nsities_both/m805/time_averaged_swpi_prior_comparison_both_T0=1991-12-31_T=2016
-12-31.pdf, id=322, 602.25pt x 401.5pt>
File: ../figures_for_paper/forecasting/predictive_densities/prior_comparison/pr
ed_densities_both/m805/time_averaged_swpi_prior_comparison_both_T0=1991-12-31_T
=2016-12-31.pdf Graphic file (type pdf)

<use ../figures_for_paper/forecasting/predictive_densities/prior_comparison/pre
d_densities_both/m805/time_averaged_swpi_prior_comparison_both_T0=1991-12-31_T=
2016-12-31.pdf>
Package pdftex.def Info: ../figures_for_paper/forecasting/predictive_densities/
prior_comparison/pred_densities_both/m805/time_averaged_swpi_prior_comparison_b
oth_T0=1991-12-31_T=2016-12-31.pdf used on input line 423.
(pdftex.def)             Requested size: 150.32277pt x 108.40395pt.

<../figures_for_paper/forecasting/predictive_densities/prior_comparison/pred_de
nsities_gdp/m904/time_averaged_swff_prior_comparison_both_T0=1991-12-31_T=2016-
12-31.pdf, id=324, 602.25pt x 401.5pt>
File: ../figures_for_paper/forecasting/predictive_densities/prior_comparison/pr
ed_densities_gdp/m904/time_averaged_swff_prior_comparison_both_T0=1991-12-31_T=
2016-12-31.pdf Graphic file (type pdf)

<use ../figures_for_paper/forecasting/predictive_densities/prior_comparison/pre
d_densities_gdp/m904/time_averaged_swff_prior_comparison_both_T0=1991-12-31_T=2
016-12-31.pdf>
Package pdftex.def Info: ../figures_for_paper/forecasting/predictive_densities/
prior_comparison/pred_densities_gdp/m904/time_averaged_swff_prior_comparison_bo
th_T0=1991-12-31_T=2016-12-31.pdf used on input line 425.
(pdftex.def)             Requested size: 150.32277pt x 108.40395pt.

<../figures_for_paper/forecasting/predictive_densities/prior_comparison/pred_de
nsities_def/m904/time_averaged_swff_prior_comparison_both_T0=1991-12-31_T=2016-
12-31.pdf, id=326, 602.25pt x 401.5pt>
File: ../figures_for_paper/forecasting/predictive_densities/prior_comparison/pr
ed_densities_def/m904/time_averaged_swff_prior_comparison_both_T0=1991-12-31_T=
2016-12-31.pdf Graphic file (type pdf)

<use ../figures_for_paper/forecasting/predictive_densities/prior_comparison/pre
d_densities_def/m904/time_averaged_swff_prior_comparison_both_T0=1991-12-31_T=2
016-12-31.pdf>
Package pdftex.def Info: ../figures_for_paper/forecasting/predictive_densities/
prior_comparison/pred_densities_def/m904/time_averaged_swff_prior_comparison_bo
th_T0=1991-12-31_T=2016-12-31.pdf used on input line 426.
(pdftex.def)             Requested size: 150.32277pt x 108.40395pt.

<../figures_for_paper/forecasting/predictive_densities/prior_comparison/pred_de
nsities_both/m904/time_averaged_swff_prior_comparison_both_T0=1991-12-31_T=2016
-12-31.pdf, id=328, 602.25pt x 401.5pt>
File: ../figures_for_paper/forecasting/predictive_densities/prior_comparison/pr
ed_densities_both/m904/time_averaged_swff_prior_comparison_both_T0=1991-12-31_T
=2016-12-31.pdf Graphic file (type pdf)

<use ../figures_for_paper/forecasting/predictive_densities/prior_comparison/pre
d_densities_both/m904/time_averaged_swff_prior_comparison_both_T0=1991-12-31_T=
2016-12-31.pdf>
Package pdftex.def Info: ../figures_for_paper/forecasting/predictive_densities/
prior_comparison/pred_densities_both/m904/time_averaged_swff_prior_comparison_b
oth_T0=1991-12-31_T=2016-12-31.pdf used on input line 427.
(pdftex.def)             Requested size: 150.32277pt x 108.40395pt.

Underfull \hbox (badness 10000) in paragraph at lines 414--435
[][]
 []

[10

 <../figures_for_paper/forecasting/predictive_densities/prior_comparison/pred_d
ensities_gdp/smets_wouters/time_averaged_sw_prior_comparison_both_T0=1991-12-31
_T=2016-12-31.pdf> <../figures_for_paper/forecasting/predictive_densities/prior
_comparison/pred_densities_def/smets_wouters/time_averaged_sw_prior_comparison_
both_T0=1991-12-31_T=2016-12-31.pdf> <../figures_for_paper/forecasting/predicti
ve_densities/prior_comparison/pred_densities_both/smets_wouters/time_averaged_s
w_prior_comparison_both_T0=1991-12-31_T=2016-12-31.pdf> <../figures_for_paper/f
orecasting/predictive_densities/prior_comparison/pred_densities_gdp/m805/time_a
veraged_swpi_prior_comparison_both_T0=1991-12-31_T=2016-12-31.pdf> <../figures_
for_paper/forecasting/predictive_densities/prior_comparison/pred_densities_def/
m805/time_averaged_swpi_prior_comparison_both_T0=1991-12-31_T=2016-12-31.pdf> <
../figures_for_paper/forecasting/predictive_densities/prior_comparison/pred_den
sities_both/m805/time_averaged_swpi_prior_comparison_both_T0=1991-12-31_T=2016-
12-31.pdf> <../figures_for_paper/forecasting/predictive_densities/prior_compari
son/pred_densities_gdp/m904/time_averaged_swff_prior_comparison_both_T0=1991-12
-31_T=2016-12-31.pdf> <../figures_for_paper/forecasting/predictive_densities/pr
ior_comparison/pred_densities_def/m904/time_averaged_swff_prior_comparison_both
_T0=1991-12-31_T=2016-12-31.pdf> <../figures_for_paper/forecasting/predictive_d
ensities/prior_comparison/pred_densities_both/m904/time_averaged_swff_prior_com
parison_both_T0=1991-12-31_T=2016-12-31.pdf>]
Package atveryend Info: Empty hook `BeforeClearDocument' on input line 437.
Package atveryend Info: Empty hook `AfterLastShipout' on input line 437.
 (./smc_paper_figures.aux)
Package atveryend Info: Executing hook `AtVeryEndDocument' on input line 437.
Package atveryend Info: Executing hook `AtEndAfterFileList' on input line 437.
Package rerunfilecheck Info: File `smc_paper_figures.out' has not changed.
(rerunfilecheck)             Checksum: 0B79ED714EA053692394473B7CB2E979;314.


LaTeX Warning: There were undefined references.


LaTeX Warning: Label(s) may have changed. Rerun to get cross-references right.

Package atveryend Info: Empty hook `AtVeryVeryEnd' on input line 437.
 ) 
Here is how much of TeX's memory you used:
 16298 strings out of 493027
 299432 string characters out of 6136329
 348083 words of memory out of 5000000
 19454 multiletter control sequences out of 15000+600000
 15698 words of font info for 60 fonts, out of 8000000 for 9000
 1141 hyphenation exceptions out of 8191
 51i,15n,77p,509b,489s stack positions out of 5000i,500n,10000p,200000b,80000s
</apps/texlive/2015/texmf-dist/fonts/type1/public/amsfonts/cm/cmbx10.pfb></ap
ps/texlive/2015/texmf-dist/fonts/type1/public/amsfonts/cm/cmbx12.pfb></apps/tex
live/2015/texmf-dist/fonts/type1/public/amsfonts/cm/cmbx8.pfb></apps/texlive/20
15/texmf-dist/fonts/type1/public/amsfonts/cm/cmmi10.pfb></apps/texlive/2015/tex
mf-dist/fonts/type1/public/amsfonts/cm/cmmi12.pfb></apps/texlive/2015/texmf-dis
t/fonts/type1/public/amsfonts/cm/cmmi6.pfb></apps/texlive/2015/texmf-dist/fonts
/type1/public/amsfonts/cm/cmmi7.pfb></apps/texlive/2015/texmf-dist/fonts/type1/
public/amsfonts/cm/cmmi8.pfb></apps/texlive/2015/texmf-dist/fonts/type1/public/
amsfonts/cm/cmr10.pfb></apps/texlive/2015/texmf-dist/fonts/type1/public/amsfont
s/cm/cmr12.pfb></apps/texlive/2015/texmf-dist/fonts/type1/public/amsfonts/cm/cm
r5.pfb></apps/texlive/2015/texmf-dist/fonts/type1/public/amsfonts/cm/cmr6.pfb><
/apps/texlive/2015/texmf-dist/fonts/type1/public/amsfonts/cm/cmr7.pfb></apps/te
xlive/2015/texmf-dist/fonts/type1/public/amsfonts/cm/cmr8.pfb></apps/texlive/20
15/texmf-dist/fonts/type1/public/amsfonts/cm/cmsy10.pfb></apps/texlive/2015/tex
mf-dist/fonts/type1/public/amsfonts/cm/cmsy6.pfb></apps/texlive/2015/texmf-dist
/fonts/type1/public/amsfonts/cm/cmsy7.pfb></apps/texlive/2015/texmf-dist/fonts/
type1/public/amsfonts/cm/cmsy8.pfb></apps/texlive/2015/texmf-dist/fonts/type1/p
ublic/amsfonts/cm/cmti10.pfb></apps/texlive/2015/texmf-dist/fonts/type1/public/
amsfonts/cm/cmti8.pfb></apps/texlive/2015/texmf-dist/fonts/type1/public/amsfont
s/cm/cmtt10.pfb></apps/texlive/2015/texmf-dist/fonts/type1/public/amsfonts/cm/c
mtt12.pfb>
Output written on smc_paper_figures.pdf (10 pages, 759402 bytes).
PDF statistics:
 449 PDF objects out of 1000 (max. 8388607)
 327 compressed objects within 4 object streams
 30 named destinations out of 1000 (max. 500000)
 488 words of extra memory for PDF output out of 10000 (max. 10000000)

